<?xml version="1.0" encoding="UTF-8"?>
<!-- Generated by org.testng.reporters.JUnitXMLReporter -->
<testsuite ignored="0" hostname="WINAM185608-7RM" failures="1" tests="4" name="DemoProject Test" time="24.755" errors="0" timestamp="2022-04-18T00:15:40 IST">
  <testcase classname="test.project.demo.tests.classes.SignInTest" name="doLogInTest" time="0.417"/>
  <testcase classname="test.project.demo.tests.classes.SignInTest" name="verifyLoginPageTitleTest" time="0.009"/>
  <testcase classname="test.project.demo.tests.classes.SignInTest" name="verifyLoginPageHeaderTest" time="0.03"/>
  <testcase classname="test.project.demo.tests.classes.SignInTest" name="doLogoutTest" time="15.088">
    <failure type="java.lang.NullPointerException">
      <![CDATA[java.lang.NullPointerException
at test.project.demo.page.classes.SignInPage.doSignOut(SignInPage.java:106)
at test.project.demo.tests.classes.SignInTest.doLogoutTest(SignInTest.java:43)
at java.base/java.util.ArrayList.forEach(ArrayList.java:1541)
... Removed 27 stack frames]]>
    </failure>
  </testcase> <!-- doLogoutTest -->
</testsuite> <!-- DemoProject Test -->
