<?xml version="1.0" encoding="UTF-8"?>
<testng-results ignored="0" total="4" passed="3" failed="1" skipped="0">
  <reporter-output>
  </reporter-output>
  <suite started-at="2022-04-18T00:15:15 IST" name="DemoProject" finished-at="2022-04-18T00:15:40 IST" duration-ms="24755">
    <groups>
    </groups>
    <test started-at="2022-04-18T00:15:15 IST" name="DemoProject Test" finished-at="2022-04-18T00:15:40 IST" duration-ms="24755">
      <class name="test.project.demo.tests.classes.SignInTest">
        <test-method is-config="true" signature="setupTest(java.lang.String)[pri:0, instance:test.project.demo.tests.classes.SignInTest@71def8f8]" started-at="2022-04-18T00:15:15 IST" name="setupTest" finished-at="2022-04-18T00:15:23 IST" duration-ms="8074" status="PASS">
          <params>
            <param index="0">
              <value>
                <![CDATA[chrome]]>
              </value>
            </param>
          </params>
          <reporter-output>
          </reporter-output>
        </test-method> <!-- setupTest -->
        <test-method signature="doLogInTest()[pri:1, instance:test.project.demo.tests.classes.SignInTest@71def8f8]" started-at="2022-04-18T00:15:23 IST" name="doLogInTest" finished-at="2022-04-18T00:15:24 IST" duration-ms="417" status="PASS">
          <reporter-output>
          </reporter-output>
        </test-method> <!-- doLogInTest -->
        <test-method signature="verifyLoginPageTitleTest()[pri:2, instance:test.project.demo.tests.classes.SignInTest@71def8f8]" started-at="2022-04-18T00:15:24 IST" name="verifyLoginPageTitleTest" finished-at="2022-04-18T00:15:24 IST" duration-ms="9" status="PASS">
          <reporter-output>
          </reporter-output>
        </test-method> <!-- verifyLoginPageTitleTest -->
        <test-method signature="verifyLoginPageHeaderTest()[pri:3, instance:test.project.demo.tests.classes.SignInTest@71def8f8]" started-at="2022-04-18T00:15:24 IST" name="verifyLoginPageHeaderTest" finished-at="2022-04-18T00:15:24 IST" duration-ms="30" status="PASS">
          <reporter-output>
          </reporter-output>
        </test-method> <!-- verifyLoginPageHeaderTest -->
        <test-method signature="doLogoutTest()[pri:4, instance:test.project.demo.tests.classes.SignInTest@71def8f8]" started-at="2022-04-18T00:15:24 IST" name="doLogoutTest" finished-at="2022-04-18T00:15:39 IST" duration-ms="15088" status="FAIL">
          <exception class="java.lang.NullPointerException">
            <full-stacktrace>
              <![CDATA[java.lang.NullPointerException
at test.project.demo.page.classes.SignInPage.doSignOut(SignInPage.java:106)
at test.project.demo.tests.classes.SignInTest.doLogoutTest(SignInTest.java:43)
at java.base/jdk.internal.reflect.NativeMethodAccessorImpl.invoke0(Native Method)
at java.base/jdk.internal.reflect.NativeMethodAccessorImpl.invoke(NativeMethodAccessorImpl.java:62)
at java.base/jdk.internal.reflect.DelegatingMethodAccessorImpl.invoke(DelegatingMethodAccessorImpl.java:43)
at java.base/java.lang.reflect.Method.invoke(Method.java:566)
at org.testng.internal.MethodInvocationHelper.invokeMethod(MethodInvocationHelper.java:133)
at org.testng.internal.TestInvoker.invokeMethod(TestInvoker.java:598)
at org.testng.internal.TestInvoker.invokeTestMethod(TestInvoker.java:173)
at org.testng.internal.MethodRunner.runInSequence(MethodRunner.java:46)
at org.testng.internal.TestInvoker$MethodInvocationAgent.invoke(TestInvoker.java:824)
at org.testng.internal.TestInvoker.invokeTestMethods(TestInvoker.java:146)
at org.testng.internal.TestMethodWorker.invokeTestMethods(TestMethodWorker.java:146)
at org.testng.internal.TestMethodWorker.run(TestMethodWorker.java:128)
at java.base/java.util.ArrayList.forEach(ArrayList.java:1541)
at org.testng.TestRunner.privateRun(TestRunner.java:794)
at org.testng.TestRunner.run(TestRunner.java:596)
at org.testng.SuiteRunner.runTest(SuiteRunner.java:377)
at org.testng.SuiteRunner.runSequentially(SuiteRunner.java:371)
at org.testng.SuiteRunner.privateRun(SuiteRunner.java:332)
at org.testng.SuiteRunner.run(SuiteRunner.java:276)
at org.testng.SuiteRunnerWorker.runSuite(SuiteRunnerWorker.java:53)
at org.testng.SuiteRunnerWorker.run(SuiteRunnerWorker.java:96)
at org.testng.TestNG.runSuitesSequentially(TestNG.java:1212)
at org.testng.TestNG.runSuitesLocally(TestNG.java:1134)
at org.testng.TestNG.runSuites(TestNG.java:1063)
at org.testng.TestNG.run(TestNG.java:1031)
at org.testng.remote.AbstractRemoteTestNG.run(AbstractRemoteTestNG.java:115)
at org.testng.remote.RemoteTestNG.initAndRun(RemoteTestNG.java:251)
at org.testng.remote.RemoteTestNG.main(RemoteTestNG.java:77)
]]>
            </full-stacktrace>
          </exception> <!-- java.lang.NullPointerException -->
          <reporter-output>
          </reporter-output>
        </test-method> <!-- doLogoutTest -->
        <test-method is-config="true" signature="tearDown()[pri:0, instance:test.project.demo.tests.classes.SignInTest@71def8f8]" started-at="2022-04-18T00:15:39 IST" name="tearDown" finished-at="2022-04-18T00:15:40 IST" duration-ms="1106" status="PASS">
          <reporter-output>
          </reporter-output>
        </test-method> <!-- tearDown -->
      </class> <!-- test.project.demo.tests.classes.SignInTest -->
    </test> <!-- DemoProject Test -->
  </suite> <!-- DemoProject -->
</testng-results>
